The system is: Windows - 10.0.19043 - AMD64
Compiling the CXX compiler identification source file "CMakeCXXCompilerId.cpp" succeeded.
Compiler:  
Build flags: 
Id flags:  

The output was:
0
.NET Framework용 Microsoft (R) Build Engine 버전 16.11.0+0538acc04
Copyright (C) Microsoft Corporation. All rights reserved.

빌드 시작: 2021-12-31 오후 7:45:36
1 노드의 "C:\Dev\LearningCmake\build\CMakeFiles\3.21.2\CompilerIdCXX\CompilerIdCXX.vcxproj" 프로젝트(기본 대상)입니다.
PrepareForBuild:
  "Debug\" 디렉터리를 만들고 있습니다.
  "Debug\CompilerIdCXX.tlog\" 디렉터리를 만들고 있습니다.
InitializeBuildStatus:
  "AlwaysCreate"이(가) 지정되었기 때문에 "Debug\CompilerIdCXX.tlog\unsuccessfulbuild"을(를) 만들고 있습니다.
VcpkgTripletSelection:
  Using triplet "x64-windows" from "C:\Dev\vcpkg\installed\x64-windows\"
ClCompile:
  C:\Program Files (x86)\Microsoft Visual Studio\2019\Community\VC\Tools\MSVC\14.29.30133\bin\HostX64\x64\CL.exe /c /I"C:\Dev\vcpkg\installed\x64-windows\include" /nologo /W0 /WX- /diagnostics:column /Od /D _MBCS /Gm- /EHsc /RTC1 /MDd /GS /fp:precise /Zc:wchar_t /Zc:forScope /Zc:inline /Fo"Debug\\" /Fd"Debug\vc142.pdb" /external:W0 /Gd /TP /FC /errorReport:queue CMakeCXXCompilerId.cpp
  CMakeCXXCompilerId.cpp
Link:
  C:\Program Files (x86)\Microsoft Visual Studio\2019\Community\VC\Tools\MSVC\14.29.30133\bin\HostX64\x64\link.exe /ERRORREPORT:QUEUE /OUT:".\CompilerIdCXX.exe" /INCREMENTAL:NO /NOLOGO /LIBPATH:"C:\Dev\vcpkg\installed\x64-windows\debug\lib" /LIBPATH:"C:\Dev\vcpkg\installed\x64-windows\debug\lib\manual-link" kernel32.lib user32.lib gdi32.lib winspool.lib comdlg32.lib advapi32.lib shell32.lib ole32.lib oleaut32.lib uuid.lib odbc32.lib odbccp32.lib "C:\Dev\vcpkg\installed\x64-windows\debug\lib\*.lib" /MANIFEST /MANIFESTUAC:"level='asInvoker' uiAccess='false'" /manifest:embed /PDB:".\CompilerIdCXX.pdb" /SUBSYSTEM:CONSOLE /TLBID:1 /DYNAMICBASE /NXCOMPAT /IMPLIB:".\CompilerIdCXX.lib" /MACHINE:X64 Debug\CMakeCXXCompilerId.obj
  CompilerIdCXX.vcxproj -> C:\Dev\LearningCmake\build\CMakeFiles\3.21.2\CompilerIdCXX\CompilerIdCXX.exe
AppLocalFromInstalled:
  pwsh.exe -ExecutionPolicy Bypass -noprofile -File "C:\Dev\vcpkg\scripts\buildsystems\msbuild\applocal.ps1" "C:\Dev\LearningCmake\build\CMakeFiles\3.21.2\CompilerIdCXX\CompilerIdCXX.exe" "C:\Dev\vcpkg\installed\x64-windows\debug\bin" "Debug\CompilerIdCXX.tlog\CompilerIdCXX.write.1u.tlog" "Debug\vcpkg.applocal.log"
PostBuildEvent:
  for %%i in (cl.exe) do @echo CMAKE_CXX_COMPILER=%%~$PATH:i
  :VCEnd
  CMAKE_CXX_COMPILER=C:\Program Files (x86)\Microsoft Visual Studio\2019\Community\VC\Tools\MSVC\14.29.30133\bin\Hostx64\x64\cl.exe
FinalizeBuildStatus:
  "Debug\CompilerIdCXX.tlog\unsuccessfulbuild" 파일을 삭제하고 있습니다.
  "Debug\CompilerIdCXX.tlog\CompilerIdCXX.lastbuildstate"에 연결(touching)하고 있습니다.
"C:\Dev\LearningCmake\build\CMakeFiles\3.21.2\CompilerIdCXX\CompilerIdCXX.vcxproj" 프로젝트를 빌드했습니다(기본 대상).

빌드했습니다.
    경고 0개
    오류 0개

경과 시간: 00:00:02.41


Compilation of the CXX compiler identification source "CMakeCXXCompilerId.cpp" produced "CompilerIdCXX.exe"

Compilation of the CXX compiler identification source "CMakeCXXCompilerId.cpp" produced "CompilerIdCXX.vcxproj"

The CXX compiler identification is MSVC, found in "C:/Dev/LearningCmake/build/CMakeFiles/3.21.2/CompilerIdCXX/CompilerIdCXX.exe"

Detecting CXX compiler ABI info compiled with the following output:
Change Dir: C:/Dev/LearningCmake/build/CMakeFiles/CMakeTmp

Run Build Command(s):C:/Program Files (x86)/Microsoft Visual Studio/2019/Community/MSBuild/Current/Bin/MSBuild.exe cmTC_9fc3f.vcxproj /p:Configuration=Debug /p:Platform=x64 /p:VisualStudioVersion=16.0 /v:m && .NET Framework용 Microsoft (R) Build Engine 버전 16.11.0+0538acc04
Copyright (C) Microsoft Corporation. All rights reserved.

  Microsoft (R) C/C++ 최적화 컴파일러 버전 19.29.30133(x64)
  Copyright (c) Microsoft Corporation. All rights reserved.
  CMakeCXXCompilerABI.cpp
  cl /c /I"C:\Dev\vcpkg\installed\x64-windows\include" /Zi /W3 /WX- /diagnostics:column /Od /Ob0 /D _MBCS /D WIN32 /D _WINDOWS /D "CMAKE_INTDIR=\"Debug\"" /Gm- /EHsc /RTC1 /MDd /GS /fp:precise /Zc:wchar_t /Zc:forScope /Zc:inline /GR /Fo"cmTC_9fc3f.dir\Debug\\" /Fd"cmTC_9fc3f.dir\Debug\vc142.pdb" /external:W3 /Gd /TP /errorReport:queue "C:\Program Files\CMake\share\cmake-3.21\Modules\CMakeCXXCompilerABI.cpp"
  cmTC_9fc3f.vcxproj -> C:\Dev\LearningCmake\build\CMakeFiles\CMakeTmp\Debug\cmTC_9fc3f.exe



